Build started 6/5/2017 1:49:05 PM.
     1>Project "C:\Users\z003ncra\caffe-dev\src\demo\HelloWorld.vcxproj" on node 2 (Build target(s)).
     1>PrepareForBuild:
         Creating directory "HelloWorld.dir\Debug\HelloWorld.tlog\".
       InitializeBuildStatus:
         Creating "HelloWorld.dir\Debug\HelloWorld.tlog\unsuccessfulbuild" because "AlwaysCreate" was specified.
       CustomBuild:
         Building Custom Rule C:/Users/z003ncra/caffe-dev/src/demo/CMakeLists.txt
         CMake does not need to re-run because C:\Users\z003ncra\caffe-dev\src\demo\CMakeFiles\generate.stamp is up-to-date.
       ClCompile:
         C:\Program Files (x86)\Microsoft Visual Studio 14.0\VC\bin\CL.exe /c /Zi /nologo /W3 /WX- /Od /Ob0 /Oy- /D WIN32 /D _WINDOWS /D _DEBUG /D "CMAKE_INTDIR=\"Debug\"" /D _MBCS /Gm- /EHsc /RTC1 /MDd /GS /fp:precise /Zc:wchar_t /Zc:forScope /Zc:inline /GR /Fo"HelloWorld.dir\Debug\\" /Fd"HelloWorld.dir\Debug\vc140.pdb" /Gd /TP /analyze- /errorReport:prompt "C:\Users\z003ncra\caffe-dev\src\demo\helloworld.cpp"
         helloworld.cpp
       Link:
         C:\Program Files (x86)\Microsoft Visual Studio 14.0\VC\bin\link.exe /ERRORREPORT:PROMPT /OUT:"C:\Users\z003ncra\caffe-dev\src\demo\Debug\HelloWorld.exe" /INCREMENTAL /NOLOGO kernel32.lib user32.lib gdi32.lib winspool.lib shell32.lib ole32.lib oleaut32.lib uuid.lib comdlg32.lib advapi32.lib /MANIFEST /MANIFESTUAC:"level='asInvoker' uiAccess='false'" /manifest:embed /DEBUG /PDB:"C:/Users/z003ncra/caffe-dev/src/demo/Debug/HelloWorld.pdb" /SUBSYSTEM:CONSOLE /TLBID:1 /DYNAMICBASE /NXCOMPAT /IMPLIB:"C:/Users/z003ncra/caffe-dev/src/demo/Debug/HelloWorld.lib" /MACHINE:X86 /SAFESEH  /machine:X86 HelloWorld.dir\Debug\helloworld.obj
         HelloWorld.vcxproj -> C:\Users\z003ncra\caffe-dev\src\demo\Debug\HelloWorld.exe
       FinalizeBuildStatus:
         Deleting file "HelloWorld.dir\Debug\HelloWorld.tlog\unsuccessfulbuild".
         Touching "HelloWorld.dir\Debug\HelloWorld.tlog\HelloWorld.lastbuildstate".
     1>Done Building Project "C:\Users\z003ncra\caffe-dev\src\demo\HelloWorld.vcxproj" (Build target(s)).

Build succeeded.

Time Elapsed 00:00:01.34
